<?xml version="1.0" encoding="UTF-8"?>
<!-- Generated by org.testng.reporters.JUnitXMLReporter -->
<testsuite hostname="EPKZKARW0363" ignored="0" name="testSqrt" tests="6" failures="0" timestamp="30 Oct 2017 08:02:44 GMT" time="0.04" errors="0">
  <testcase name="sqrtTest" time="0.0" classname="com.epam.unittesting.tests.SqrtCalculatorTest"/>
  <testcase name="sqrtTest" time="0.0" classname="com.epam.unittesting.tests.SqrtCalculatorTest"/>
  <testcase name="sqrtTest" time="0.0" classname="com.epam.unittesting.tests.SqrtCalculatorTest"/>
  <testcase name="sqrtTest" time="0.001" classname="com.epam.unittesting.tests.SqrtCalculatorTest"/>
  <testcase name="sqrtTest" time="0.0" classname="com.epam.unittesting.tests.SqrtCalculatorTest"/>
  <testcase name="sqrtTest" time="0.001" classname="com.epam.unittesting.tests.SqrtCalculatorTest"/>
</testsuite> <!-- testSqrt -->
