<?xml version="1.0" encoding="UTF-8"?>
<!-- Generated by org.testng.reporters.JUnitXMLReporter -->
<testsuite hostname="EPKZKARW0363" ignored="0" name="testIsPositive" tests="3" failures="2" timestamp="30 Oct 2017 08:02:44 GMT" time="0.002" errors="0">
  <testcase name="isPositiveTest" time="0.0" classname="com.epam.unittesting.tests.IsPositiveCalculatorTest"/>
  <testcase name="isPositiveTest" time="0.0" classname="com.epam.unittesting.tests.IsPositiveCalculatorTest">
    <failure type="java.lang.AssertionError" message="expected [true] but found [false]">
      <![CDATA[java.lang.AssertionError: expected [true] but found [false]
	at com.epam.unittesting.tests.IsPositiveCalculatorTest.isPositiveTest(IsPositiveCalculatorTest.java:12)
	at java.util.concurrent.FutureTask.run(FutureTask.java:266)
	at java.util.concurrent.ThreadPoolExecutor.runWorker(ThreadPoolExecutor.java:1149)
	at java.util.concurrent.ThreadPoolExecutor$Worker.run(ThreadPoolExecutor.java:624)
	at java.lang.Thread.run(Thread.java:748)
... Removed 20 stack frames]]>
    </failure>
  </testcase> <!-- isPositiveTest -->
  <testcase name="isPositiveTest" time="0.0" classname="com.epam.unittesting.tests.IsPositiveCalculatorTest">
    <failure type="java.lang.AssertionError" message="expected [true] but found [false]">
      <![CDATA[java.lang.AssertionError: expected [true] but found [false]
	at com.epam.unittesting.tests.IsPositiveCalculatorTest.isPositiveTest(IsPositiveCalculatorTest.java:12)
	at java.util.concurrent.FutureTask.run(FutureTask.java:266)
	at java.util.concurrent.ThreadPoolExecutor.runWorker(ThreadPoolExecutor.java:1149)
	at java.util.concurrent.ThreadPoolExecutor$Worker.run(ThreadPoolExecutor.java:624)
	at java.lang.Thread.run(Thread.java:748)
... Removed 20 stack frames]]>
    </failure>
  </testcase> <!-- isPositiveTest -->
</testsuite> <!-- testIsPositive -->
