<?xml version="1.0" encoding="UTF-8"?>
<!-- Generated by org.testng.reporters.JUnitXMLReporter -->
<testsuite hostname="EPKZKARW0363" ignored="0" name="testSin" tests="3" failures="0" timestamp="30 Oct 2017 08:02:44 GMT" time="0.001" errors="0">
  <testcase name="sinTest" time="0.001" classname="com.epam.unittesting.tests.SinCalculatorTest"/>
  <testcase name="sinTest" time="0.0" classname="com.epam.unittesting.tests.SinCalculatorTest"/>
  <testcase name="sinTest" time="0.0" classname="com.epam.unittesting.tests.SinCalculatorTest"/>
</testsuite> <!-- testSin -->
