<?xml version="1.0" encoding="UTF-8"?>
<!-- Generated by org.testng.reporters.JUnitXMLReporter -->
<testsuite hostname="EPKZKARW0363" ignored="0" name="testPow" tests="7" failures="0" timestamp="30 Oct 2017 08:02:44 GMT" time="0.047" errors="0">
  <testcase name="powTest" time="0.0" classname="com.epam.unittesting.tests.PowCalculatorTest"/>
  <testcase name="powTest" time="0.0" classname="com.epam.unittesting.tests.PowCalculatorTest"/>
  <testcase name="powTest" time="0.0" classname="com.epam.unittesting.tests.PowCalculatorTest"/>
  <testcase name="powTest" time="0.0" classname="com.epam.unittesting.tests.PowCalculatorTest"/>
  <testcase name="powTest" time="0.011" classname="com.epam.unittesting.tests.PowCalculatorTest"/>
  <testcase name="powTest" time="0.0" classname="com.epam.unittesting.tests.PowCalculatorTest"/>
  <testcase name="powTest" time="0.0" classname="com.epam.unittesting.tests.PowCalculatorTest"/>
</testsuite> <!-- testPow -->
